#
# There is insufficient memory for the Java Runtime Environment to continue.
# Native memory allocation (malloc) failed to allocate 181536 bytes for Chunk::new
# Possible reasons:
#   The system is out of physical RAM or swap space
#   The process is running with CompressedOops enabled, and the Java Heap may be blocking the growth of the native heap
# Possible solutions:
#   Reduce memory load on the system
#   Increase physical memory or swap space
#   Check if swap backing store is full
#   Decrease Java heap size (-Xmx/-Xms)
#   Decrease number of Java threads
#   Decrease Java thread stack sizes (-Xss)
#   Set larger code cache with -XX:ReservedCodeCacheSize=
#   JVM is running with Unscaled Compressed Oops mode in which the Java heap is
#     placed in the first 4GB address space. The Java Heap base address is the
#     maximum limit for the native heap growth. Please use -XX:HeapBaseMinAddress
#     to set the Java Heap base and to place the Java Heap above 4GB virtual address.
# This output file may be truncated or incomplete.
#
#  Out of Memory Error (allocation.cpp:389), pid=24804, tid=0x0000000000006280
#
# JRE version: Java(TM) SE Runtime Environment (8.0_202-b08) (build 1.8.0_202-b08)
# Java VM: Java HotSpot(TM) 64-Bit Server VM (25.202-b08 mixed mode windows-amd64 compressed oops)
# Failed to write core dump. Minidumps are not enabled by default on client versions of Windows
#

---------------  T H R E A D  ---------------

Current thread (0x0000000019369800):  JavaThread "C2 CompilerThread1" daemon [_thread_in_native, id=25216, stack(0x0000000019d40000,0x0000000019e40000)]

Stack: [0x0000000019d40000,0x0000000019e40000]
[error occurred during error reporting (printing stack bounds), id 0xc0000005]

Native frames: (J=compiled Java code, j=interpreted, Vv=VM code, C=native code)


Current CompileTask:
C2:    615  832       4       com.sun.tools.javac.file.ZipFileIndexArchive$ZipFileIndexFileObject::getKind (11 bytes)


---------------  P R O C E S S  ---------------

Java Threads: ( => current thread )
  0x0000000019403800 JavaThread "Service Thread" daemon [_thread_blocked, id=20300, stack(0x000000001a040000,0x000000001a140000)]
  0x0000000019379000 JavaThread "C1 CompilerThread3" daemon [_thread_in_vm, id=28396, stack(0x0000000019f40000,0x000000001a040000)]
  0x000000001936a000 JavaThread "C2 CompilerThread2" daemon [_thread_blocked, id=22096, stack(0x0000000019e40000,0x0000000019f40000)]
=>0x0000000019369800 JavaThread "C2 CompilerThread1" daemon [_thread_in_native, id=25216, stack(0x0000000019d40000,0x0000000019e40000)]
  0x0000000019364000 JavaThread "C2 CompilerThread0" daemon [_thread_in_native, id=28464, stack(0x0000000019c40000,0x0000000019d40000)]
  0x0000000019374800 JavaThread "Attach Listener" daemon [_thread_blocked, id=1448, stack(0x0000000019b40000,0x0000000019c40000)]
  0x0000000019373000 JavaThread "Signal Dispatcher" daemon [_thread_blocked, id=18160, stack(0x0000000019a40000,0x0000000019b40000)]
  0x00000000026e8000 JavaThread "Finalizer" daemon [_thread_blocked, id=14652, stack(0x0000000019840000,0x0000000019940000)]
  0x0000000019360800 JavaThread "Reference Handler" daemon [_thread_blocked, id=25632, stack(0x0000000019740000,0x0000000019840000)]
  0x00000000025f2800 JavaThread "main" [_thread_in_Java, id=24392, stack(0x0000000002400000,0x0000000002500000)]

Other Threads:
  0x0000000017529000 VMThread [stack: 0x0000000019240000,0x0000000019340000] [id=22620]
  0x0000000019425800 WatcherThread [stack: 0x000000001a140000,0x000000001a240000] [id=20716]

VM state:not at safepoint (normal execution)

VM Mutex/Monitor currently owned by a thread: None

heap address: 0x0000000083e00000, size: 1986 MB, Compressed Oops mode: 32-bit
Narrow klass base: 0x0000000000000000, Narrow klass shift: 3
Compressed class space size: 1073741824 Address: 0x0000000100000000

Heap:
 PSYoungGen      total 15872K, used 10647K [0x00000000d6a00000, 0x00000000d8000000, 0x0000000100000000)
  eden space 10240K, 49% used [0x00000000d6a00000,0x00000000d6ee9970,0x00000000d7400000)
  from space 5632K, 99% used [0x00000000d7a80000,0x00000000d7ffc438,0x00000000d8000000)
  to   space 4608K, 0% used [0x00000000d7400000,0x00000000d7400000,0x00000000d7880000)
 ParOldGen       total 10752K, used 5421K [0x0000000083e00000, 0x0000000084880000, 0x00000000d6a00000)
  object space 10752K, 50% used [0x0000000083e00000,0x000000008434b5f8,0x0000000084880000)
 Metaspace       used 8098K, capacity 8852K, committed 8960K, reserved 1056768K
  class space    used 955K, capacity 976K, committed 1024K, reserved 1048576K

Card table byte_map: [0x0000000011ab0000,0x0000000011ea0000] byte_map_base: 0x0000000011691000

Marking Bits: (ParMarkBitMap*) 0x0000000058c45ce0
 Begin Bits: [0x0000000012940000, 0x0000000014848000)
 End Bits:   [0x0000000014848000, 0x0000000016750000)

Polling page: 0x00000000023b0000

CodeCache: size=245760Kb used=3392Kb max_used=3392Kb free=242367Kb
 bounds [0x00000000026f0000, 0x0000000002a50000, 0x00000000116f0000]
 total_blobs=1144 nmethods=849 adapters=207
 compilation: enabled

Compilation events (10 events):
Event: 0.614 Thread 0x0000000019379000 nmethod 842 0x0000000002a3b710 code [0x0000000002a3b8e0, 0x0000000002a3c108]
Event: 0.614 Thread 0x0000000019379000  844       1       com.sun.tools.javac.code.Type$MethodType::getTag (4 bytes)
Event: 0.614 Thread 0x0000000019379000 nmethod 844 0x0000000002a35dd0 code [0x0000000002a35f20, 0x0000000002a36030]
Event: 0.614 Thread 0x0000000019379000  839       3       com.sun.tools.javac.comp.AttrContext::lastResolveVarargs (23 bytes)
Event: 0.614 Thread 0x0000000019379000 nmethod 839 0x0000000002a35910 code [0x0000000002a35a80, 0x0000000002a35d10]
Event: 0.614 Thread 0x0000000019379000  845       3       java.util.regex.Matcher::getTextLength (10 bytes)
Event: 0.614 Thread 0x0000000019379000 nmethod 845 0x0000000002a3c550 code [0x0000000002a3c6c0, 0x0000000002a3c8e8]
Event: 0.614 Thread 0x0000000019379000  846       3       com.sun.tools.javac.code.Types::isSubtypeUnchecked (24 bytes)
Event: 0.614 Thread 0x0000000019379000 nmethod 846 0x0000000002a3c990 code [0x0000000002a3cb00, 0x0000000002a3cd38]
Event: 0.614 Thread 0x0000000019379000  847       3       com.sun.tools.javac.code.Types::isSubtypeUncheckedInternal (166 bytes)

GC Heap History (10 events):
Event: 0.394 GC heap before
{Heap before GC invocations=5 (full 0):
 PSYoungGen      total 6656K, used 6624K [0x00000000d6a00000, 0x00000000d7100000, 0x0000000100000000)
  eden space 6144K, 100% used [0x00000000d6a00000,0x00000000d7000000,0x00000000d7000000)
  from space 512K, 93% used [0x00000000d7080000,0x00000000d70f8020,0x00000000d7100000)
  to   space 512K, 0% used [0x00000000d7000000,0x00000000d7000000,0x00000000d7080000)
 ParOldGen       total 5632K, used 932K [0x0000000083e00000, 0x0000000084380000, 0x00000000d6a00000)
  object space 5632K, 16% used [0x0000000083e00000,0x0000000083ee9070,0x0000000084380000)
 Metaspace       used 7226K, capacity 8148K, committed 8448K, reserved 1056768K
  class space    used 885K, capacity 912K, committed 1024K, reserved 1048576K
Event: 0.397 GC heap after
Heap after GC invocations=5 (full 0):
 PSYoungGen      total 6656K, used 512K [0x00000000d6a00000, 0x00000000d7d00000, 0x0000000100000000)
  eden space 6144K, 0% used [0x00000000d6a00000,0x00000000d6a00000,0x00000000d7000000)
  from space 512K, 100% used [0x00000000d7000000,0x00000000d7080000,0x00000000d7080000)
  to   space 3584K, 0% used [0x00000000d7980000,0x00000000d7980000,0x00000000d7d00000)
 ParOldGen       total 5632K, used 4470K [0x0000000083e00000, 0x0000000084380000, 0x00000000d6a00000)
  object space 5632K, 79% used [0x0000000083e00000,0x000000008425da00,0x0000000084380000)
 Metaspace       used 7226K, capacity 8148K, committed 8448K, reserved 1056768K
  class space    used 885K, capacity 912K, committed 1024K, reserved 1048576K
}
Event: 0.397 GC heap before
{Heap before GC invocations=6 (full 1):
 PSYoungGen      total 6656K, used 512K [0x00000000d6a00000, 0x00000000d7d00000, 0x0000000100000000)
  eden space 6144K, 0% used [0x00000000d6a00000,0x00000000d6a00000,0x00000000d7000000)
  from space 512K, 100% used [0x00000000d7000000,0x00000000d7080000,0x00000000d7080000)
  to   space 3584K, 0% used [0x00000000d7980000,0x00000000d7980000,0x00000000d7d00000)
 ParOldGen       total 5632K, used 4470K [0x0000000083e00000, 0x0000000084380000, 0x00000000d6a00000)
  object space 5632K, 79% used [0x0000000083e00000,0x000000008425da00,0x0000000084380000)
 Metaspace       used 7226K, capacity 8148K, committed 8448K, reserved 1056768K
  class space    used 885K, capacity 912K, committed 1024K, reserved 1048576K
Event: 0.426 GC heap after
Heap after GC invocations=6 (full 1):
 PSYoungGen      total 6656K, used 0K [0x00000000d6a00000, 0x00000000d7d00000, 0x0000000100000000)
  eden space 6144K, 0% used [0x00000000d6a00000,0x00000000d6a00000,0x00000000d7000000)
  from space 512K, 0% used [0x00000000d7000000,0x00000000d7000000,0x00000000d7080000)
  to   space 3584K, 0% used [0x00000000d7980000,0x00000000d7980000,0x00000000d7d00000)
 ParOldGen       total 10752K, used 4765K [0x0000000083e00000, 0x0000000084880000, 0x00000000d6a00000)
  object space 10752K, 44% used [0x0000000083e00000,0x00000000842a75f8,0x0000000084880000)
 Metaspace       used 7226K, capacity 8148K, committed 8448K, reserved 1056768K
  class space    used 885K, capacity 912K, committed 1024K, reserved 1048576K
}
Event: 0.452 GC heap before
{Heap before GC invocations=7 (full 1):
 PSYoungGen      total 6656K, used 6144K [0x00000000d6a00000, 0x00000000d7d00000, 0x0000000100000000)
  eden space 6144K, 100% used [0x00000000d6a00000,0x00000000d7000000,0x00000000d7000000)
  from space 512K, 0% used [0x00000000d7000000,0x00000000d7000000,0x00000000d7080000)
  to   space 3584K, 0% used [0x00000000d7980000,0x00000000d7980000,0x00000000d7d00000)
 ParOldGen       total 10752K, used 4765K [0x0000000083e00000, 0x0000000084880000, 0x00000000d6a00000)
  object space 10752K, 44% used [0x0000000083e00000,0x00000000842a75f8,0x0000000084880000)
 Metaspace       used 7253K, capacity 8148K, committed 8448K, reserved 1056768K
  class space    used 885K, capacity 912K, committed 1024K, reserved 1048576K
Event: 0.454 GC heap after
Heap after GC invocations=7 (full 1):
 PSYoungGen      total 11776K, used 3583K [0x00000000d6a00000, 0x00000000d7d00000, 0x0000000100000000)
  eden space 8192K, 0% used [0x00000000d6a00000,0x00000000d6a00000,0x00000000d7200000)
  from space 3584K, 99% used [0x00000000d7980000,0x00000000d7cffd38,0x00000000d7d00000)
  to   space 4608K, 0% used [0x00000000d7400000,0x00000000d7400000,0x00000000d7880000)
 ParOldGen       total 10752K, used 5301K [0x0000000083e00000, 0x0000000084880000, 0x00000000d6a00000)
  object space 10752K, 49% used [0x0000000083e00000,0x000000008432d5f8,0x0000000084880000)
 Metaspace       used 7253K, capacity 8148K, committed 8448K, reserved 1056768K
  class space    used 885K, capacity 912K, committed 1024K, reserved 1048576K
}
Event: 0.515 GC heap before
{Heap before GC invocations=8 (full 1):
 PSYoungGen      total 11776K, used 11775K [0x00000000d6a00000, 0x00000000d7d00000, 0x0000000100000000)
  eden space 8192K, 100% used [0x00000000d6a00000,0x00000000d7200000,0x00000000d7200000)
  from space 3584K, 99% used [0x00000000d7980000,0x00000000d7cffd38,0x00000000d7d00000)
  to   space 4608K, 0% used [0x00000000d7400000,0x00000000d7400000,0x00000000d7880000)
 ParOldGen       total 10752K, used 5301K [0x0000000083e00000, 0x0000000084880000, 0x00000000d6a00000)
  object space 10752K, 49% used [0x0000000083e00000,0x000000008432d5f8,0x0000000084880000)
 Metaspace       used 7483K, capacity 8372K, committed 8704K, reserved 1056768K
  class space    used 900K, capacity 944K, committed 1024K, reserved 1048576K
Event: 0.518 GC heap after
Heap after GC invocations=8 (full 1):
 PSYoungGen      total 14848K, used 4577K [0x00000000d6a00000, 0x00000000d8000000, 0x0000000100000000)
  eden space 10240K, 0% used [0x00000000d6a00000,0x00000000d6a00000,0x00000000d7400000)
  from space 4608K, 99% used [0x00000000d7400000,0x00000000d78787b8,0x00000000d7880000)
  to   space 5632K, 0% used [0x00000000d7a80000,0x00000000d7a80000,0x00000000d8000000)
 ParOldGen       total 10752K, used 5365K [0x0000000083e00000, 0x0000000084880000, 0x00000000d6a00000)
  object space 10752K, 49% used [0x0000000083e00000,0x000000008433d5f8,0x0000000084880000)
 Metaspace       used 7483K, capacity 8372K, committed 8704K, reserved 1056768K
  class space    used 900K, capacity 944K, committed 1024K, reserved 1048576K
}
Event: 0.541 GC heap before
{Heap before GC invocations=9 (full 1):
 PSYoungGen      total 14848K, used 14817K [0x00000000d6a00000, 0x00000000d8000000, 0x0000000100000000)
  eden space 10240K, 100% used [0x00000000d6a00000,0x00000000d7400000,0x00000000d7400000)
  from space 4608K, 99% used [0x00000000d7400000,0x00000000d78787b8,0x00000000d7880000)
  to   space 5632K, 0% used [0x00000000d7a80000,0x00000000d7a80000,0x00000000d8000000)
 ParOldGen       total 10752K, used 5365K [0x0000000083e00000, 0x0000000084880000, 0x00000000d6a00000)
  object space 10752K, 49% used [0x0000000083e00000,0x000000008433d5f8,0x0000000084880000)
 Metaspace       used 7535K, capacity 8436K, committed 8704K, reserved 1056768K
  class space    used 904K, capacity 944K, committed 1024K, reserved 1048576K
Event: 0.544 GC heap after
Heap after GC invocations=9 (full 1):
 PSYoungGen      total 15872K, used 5617K [0x00000000d6a00000, 0x00000000d8000000, 0x0000000100000000)
  eden space 10240K, 0% used [0x00000000d6a00000,0x00000000d6a00000,0x00000000d7400000)
  from space 5632K, 99% used [0x00000000d7a80000,0x00000000d7ffc438,0x00000000d8000000)
  to   space 4608K, 0% used [0x00000000d7400000,0x00000000d7400000,0x00000000d7880000)
 ParOldGen       total 10752K, used 5421K [0x0000000083e00000, 0x0000000084880000, 0x00000000d6a00000)
  object space 10752K, 50% used [0x0000000083e00000,0x000000008434b5f8,0x0000000084880000)
 Metaspace       used 7535K, capacity 8436K, committed 8704K, reserved 1056768K
  class space    used 904K, capacity 944K, committed 1024K, reserved 1048576K
}

Deoptimization events (10 events):
Event: 0.507 Thread 0x00000000025f2800 Uncommon trap: reason=class_check action=maybe_recompile pc=0x0000000002966278 method=com.sun.tools.javac.util.List.reverse()Lcom/sun/tools/javac/util/List; @ 11
Event: 0.508 Thread 0x00000000025f2800 Uncommon trap: reason=class_check action=maybe_recompile pc=0x0000000002966278 method=com.sun.tools.javac.util.List.reverse()Lcom/sun/tools/javac/util/List; @ 11
Event: 0.508 Thread 0x00000000025f2800 Uncommon trap: reason=class_check action=maybe_recompile pc=0x0000000002966278 method=com.sun.tools.javac.util.List.reverse()Lcom/sun/tools/javac/util/List; @ 11
Event: 0.513 Thread 0x00000000025f2800 Uncommon trap: reason=unstable_if action=reinterpret pc=0x0000000002990028 method=com.sun.tools.javac.code.Scope.getIndex(Lcom/sun/tools/javac/util/Name;)I @ 60
Event: 0.526 Thread 0x00000000025f2800 Uncommon trap: reason=unstable_if action=reinterpret pc=0x000000000299d250 method=com.sun.tools.javac.util.ArrayUtils.ensureCapacity([BI)[B @ 3
Event: 0.536 Thread 0x00000000025f2800 Uncommon trap: reason=class_check action=maybe_recompile pc=0x000000000298a620 method=com.sun.tools.javac.util.List.prependList(Lcom/sun/tools/javac/util/List;)Lcom/sun/tools/javac/util/List; @ 1
Event: 0.536 Thread 0x00000000025f2800 Uncommon trap: reason=class_check action=maybe_recompile pc=0x000000000298a620 method=com.sun.tools.javac.util.List.prependList(Lcom/sun/tools/javac/util/List;)Lcom/sun/tools/javac/util/List; @ 1
Event: 0.547 Thread 0x00000000025f2800 Uncommon trap: reason=class_check action=maybe_recompile pc=0x000000000298a620 method=com.sun.tools.javac.util.List.prependList(Lcom/sun/tools/javac/util/List;)Lcom/sun/tools/javac/util/List; @ 1
Event: 0.551 Thread 0x00000000025f2800 Uncommon trap: reason=class_check action=maybe_recompile pc=0x000000000298a620 method=com.sun.tools.javac.util.List.prependList(Lcom/sun/tools/javac/util/List;)Lcom/sun/tools/javac/util/List; @ 1
Event: 0.601 Thread 0x00000000025f2800 Uncommon trap: reason=unstable_if action=reinterpret pc=0x00000000029d4900 method=com.sun.tools.javac.code.Scope.dble()V @ 44

Classes redefined (0 events):
No events

Internal exceptions (10 events):
Event: 0.023 Thread 0x00000000025f2800 Exception <a 'java/lang/NoSuchMethodError': Method sun.misc.Unsafe.defineClass(Ljava/lang/String;[BII)Ljava/lang/Class; name or signature does not match> (0x00000000d6a07cd8) thrown at [C:\re\workspace\8-2-build-windows-amd64-cygwin\jdk8u202\12323\hotspot
Event: 0.023 Thread 0x00000000025f2800 Exception <a 'java/lang/NoSuchMethodError': Method sun.misc.Unsafe.prefetchRead(Ljava/lang/Object;J)V name or signature does not match> (0x00000000d6a07fc0) thrown at [C:\re\workspace\8-2-build-windows-amd64-cygwin\jdk8u202\12323\hotspot\src\share\vm\prim
Event: 0.091 Thread 0x00000000025f2800 Exception <a 'java/security/PrivilegedActionException'> (0x00000000d6b66dd8) thrown at [C:\re\workspace\8-2-build-windows-amd64-cygwin\jdk8u202\12323\hotspot\src\share\vm\prims\jvm.cpp, line 1502]
Event: 0.091 Thread 0x00000000025f2800 Exception <a 'java/security/PrivilegedActionException'> (0x00000000d6b671d0) thrown at [C:\re\workspace\8-2-build-windows-amd64-cygwin\jdk8u202\12323\hotspot\src\share\vm\prims\jvm.cpp, line 1502]
Event: 0.091 Thread 0x00000000025f2800 Exception <a 'java/security/PrivilegedActionException'> (0x00000000d6b6b2c8) thrown at [C:\re\workspace\8-2-build-windows-amd64-cygwin\jdk8u202\12323\hotspot\src\share\vm\prims\jvm.cpp, line 1502]
Event: 0.091 Thread 0x00000000025f2800 Exception <a 'java/security/PrivilegedActionException'> (0x00000000d6b6b6c0) thrown at [C:\re\workspace\8-2-build-windows-amd64-cygwin\jdk8u202\12323\hotspot\src\share\vm\prims\jvm.cpp, line 1502]
Event: 0.096 Thread 0x00000000025f2800 Exception <a 'java/security/PrivilegedActionException'> (0x00000000d6a131f0) thrown at [C:\re\workspace\8-2-build-windows-amd64-cygwin\jdk8u202\12323\hotspot\src\share\vm\prims\jvm.cpp, line 1502]
Event: 0.096 Thread 0x00000000025f2800 Exception <a 'java/security/PrivilegedActionException'> (0x00000000d6a135e8) thrown at [C:\re\workspace\8-2-build-windows-amd64-cygwin\jdk8u202\12323\hotspot\src\share\vm\prims\jvm.cpp, line 1502]
Event: 0.436 Thread 0x00000000025f2800 Exception <a 'java/io/FileNotFoundException'> (0x00000000d6b1e900) thrown at [C:\re\workspace\8-2-build-windows-amd64-cygwin\jdk8u202\12323\hotspot\src\share\vm\prims\jni.cpp, line 710]
Event: 0.438 Thread 0x00000000025f2800 Exception <a 'java/io/FileNotFoundException'> (0x00000000d6b758f0) thrown at [C:\re\workspace\8-2-build-windows-amd64-cygwin\jdk8u202\12323\hotspot\src\share\vm\prims\jni.cpp, line 710]

Events (10 events):
Event: 0.593 loading class com/sun/tools/javac/tree/TreeCopier done
Event: 0.594 loading class com/sun/tools/javac/comp/DeferredAttr$5
Event: 0.594 loading class com/sun/tools/javac/comp/DeferredAttr$5 done
Event: 0.601 Thread 0x00000000025f2800 Uncommon trap: trap_request=0xffffff65 fr.pc=0x00000000029d4900
Event: 0.601 Thread 0x00000000025f2800 DEOPT PACKING pc=0x00000000029d4900 sp=0x00000000024fe980
Event: 0.601 Thread 0x00000000025f2800 DEOPT UNPACKING pc=0x000000000273583b sp=0x00000000024fe8a8 mode 2
Event: 0.604 loading class com/sun/tools/javac/code/Types$TypePair
Event: 0.604 loading class com/sun/tools/javac/code/Types$TypePair done
Event: 0.607 Executing VM operation: ForceSafepoint
Event: 0.607 Executing VM operation: ForceSafepoint done


Dynamic libraries:
0x00007ff7e68e0000 - 0x00007ff7e68e7000 	C:\Program Files\Java\jdk1.8.0_202\bin\javac.exe
0x00007ffb93430000 - 0x00007ffb93628000 	C:\Windows\SYSTEM32\ntdll.dll
0x00007ffb91af0000 - 0x00007ffb91baf000 	C:\Windows\System32\KERNEL32.DLL
0x00007ffb91070000 - 0x00007ffb91342000 	C:\Windows\System32\KERNELBASE.dll
0x00007ffb77360000 - 0x00007ffb7738f000 	C:\Program Files\Java\jdk1.8.0_202\bin\jli.dll
0x0000000058d00000 - 0x0000000058dd2000 	C:\Program Files\Java\jdk1.8.0_202\bin\MSVCR100.dll
0x00007ffb92280000 - 0x00007ffb9232e000 	C:\Windows\System32\ADVAPI32.dll
0x00007ffb91d70000 - 0x00007ffb91e0e000 	C:\Windows\System32\msvcrt.dll
0x00007ffb92450000 - 0x00007ffb924ec000 	C:\Windows\System32\sechost.dll
0x00007ffb924f0000 - 0x00007ffb92615000 	C:\Windows\System32\RPCRT4.dll
0x00007ffb918d0000 - 0x00007ffb91a6d000 	C:\Windows\System32\USER32.dll
0x00007ffb90b30000 - 0x00007ffb90b52000 	C:\Windows\System32\win32u.dll
0x00007ffb933c0000 - 0x00007ffb933eb000 	C:\Windows\System32\GDI32.dll
0x00007ffb707e0000 - 0x00007ffb70a7a000 	C:\Windows\WinSxS\amd64_microsoft.windows.common-controls_6595b64144ccf1df_6.0.19041.1110_none_60b5254171f9507e\COMCTL32.dll
0x00007ffb90b60000 - 0x00007ffb90c6f000 	C:\Windows\System32\gdi32full.dll
0x00007ffb90ed0000 - 0x00007ffb90f6d000 	C:\Windows\System32\msvcp_win.dll
0x00007ffb90dd0000 - 0x00007ffb90ed0000 	C:\Windows\System32\ucrtbase.dll
0x00007ffb92f60000 - 0x00007ffb92f92000 	C:\Windows\System32\IMM32.DLL
0x0000000058de0000 - 0x0000000058eb2000 	C:\Program Files\Java\jdk1.8.0_202\jre\bin\msvcr100.dll
0x0000000058420000 - 0x0000000058cc5000 	C:\Program Files\Java\jdk1.8.0_202\jre\bin\server\jvm.dll
0x00007ffb92f50000 - 0x00007ffb92f58000 	C:\Windows\System32\PSAPI.DLL
0x00007ffb77020000 - 0x00007ffb77047000 	C:\Windows\SYSTEM32\WINMM.dll
0x00007ffb89ea0000 - 0x00007ffb89eaa000 	C:\Windows\SYSTEM32\VERSION.dll
0x00007ffb6f290000 - 0x00007ffb6f299000 	C:\Windows\SYSTEM32\WSOCK32.dll
0x00007ffb93350000 - 0x00007ffb933bb000 	C:\Windows\System32\WS2_32.dll
0x00007ffb8b4b0000 - 0x00007ffb8b4bf000 	C:\Program Files\Java\jdk1.8.0_202\jre\bin\verify.dll
0x00007ffb8b2a0000 - 0x00007ffb8b2c9000 	C:\Program Files\Java\jdk1.8.0_202\jre\bin\java.dll
0x00007ffb89840000 - 0x00007ffb89856000 	C:\Program Files\Java\jdk1.8.0_202\jre\bin\zip.dll
0x00007ffb92620000 - 0x00007ffb92d63000 	C:\Windows\System32\SHELL32.dll
0x00007ffb8ebd0000 - 0x00007ffb8f362000 	C:\Windows\SYSTEM32\windows.storage.dll
0x00007ffb91480000 - 0x00007ffb917d4000 	C:\Windows\System32\combase.dll
0x00007ffb90590000 - 0x00007ffb905c0000 	C:\Windows\SYSTEM32\Wldp.dll
0x00007ffb92ea0000 - 0x00007ffb92f4d000 	C:\Windows\System32\SHCORE.dll
0x00007ffb932f0000 - 0x00007ffb93345000 	C:\Windows\System32\shlwapi.dll
0x00007ffb90a70000 - 0x00007ffb90a8f000 	C:\Windows\SYSTEM32\profapi.dll

VM Arguments:
jvm_args: -Dapplication.home=C:\Program Files\Java\jdk1.8.0_202 -Xms8m 
java_command: com.sun.tools.javac.Main -d D:\gps java\Intake_43_Car_Meter-master\carometerv1.0\build\classes -classpath D:\gps java\Intake_43_Car_Meter-master\carometerv1.0\build\classes;C:\Program Files\Java\jdk1.8.0_202\jre\lib\javaws.jar;C:\Program Files\Java\jdk1.8.0_202\jre\lib\deploy.jar;C:\Program Files\Java\jdk1.8.0_202\jre\lib\plugin.jar;C:\Users\sarah\Downloads\GMapsFX-8.0.0.jar;C:\Users\sarah\Downloads\Medusa-8.0.jar -sourcepath D:\gps java\Intake_43_Car_Meter-master\carometerv1.0\build\empty -target 1.8 -encoding UTF-8 -g -processorpath C:\Program Files\Java\jdk1.8.0_202\jre\lib\javaws.jar;C:\Program Files\Java\jdk1.8.0_202\jre\lib\deploy.jar;C:\Program Files\Java\jdk1.8.0_202\jre\lib\plugin.jar;C:\Users\sarah\Downloads\GMapsFX-8.0.0.jar;C:\Users\sarah\Downloads\Medusa-8.0.jar;D:\gps java\Intake_43_Car_Meter-master\carometerv1.0\build\empty -s D:\gps java\Intake_43_Car_Meter-master\carometerv1.0\build\generated-sources\ap-source-output -source 1.8 D:\gps java\Intake_43_Car_Meter-master\carometerv1.0\src\Carometerv10.java D:\gps java\Intake_43_Car_Meter-master\carometerv1.0\src\FXMLDocumentController.java
java_class_path (initial): C:\Program Files\Java\jdk1.8.0_202/lib/tools.jar;C:\Program Files\Java\jdk1.8.0_202/classes
Launcher Type: SUN_STANDARD

Environment Variables:
PATH=C:\Program Files (x86)\Common Files\Oracle\Java\javapath;C:\Program Files\Common Files\Oracle\Java\javapath;C:\Windows\system32;C:\Windows;C:\Windows\System32\Wbem;C:\Windows\System32\WindowsPowerShell\v1.0\;C:\Windows\System32\OpenSSH\;C:\Program Files (x86)\NVIDIA Corporation\PhysX\Common;C:\Program Files\NVIDIA Corporation\NVIDIA NvDLISR;C:\Program Files (x86)\Windows Kits\8.1\Windows Performance Toolkit\;C:\Program Files\MATLAB\R2016b\runtime\win64;C:\Program Files\MATLAB\R2016b\bin;C:\Program Files\MATLAB\R2016b\polyspace\bin;C:\Users\sarah\AppData\Local\Microsoft\WindowsApps;D:\New folder\mingw64\bin;
USERNAME=Sarah Gamal
OS=Windows_NT
PROCESSOR_IDENTIFIER=Intel64 Family 6 Model 140 Stepping 1, GenuineIntel



---------------  S Y S T E M  ---------------

OS: Windows 10.0 , 64 bit Build 19041 (10.0.19041.2251)

CPU:total 8 (initial active 8) (4 cores per cpu, 2 threads per core) family 6 model 140 stepping 1, cmov, cx8, fxsr, mmx, sse, sse2, sse3, ssse3, sse4.1, sse4.2, popcnt, avx, avx2, aes, clmul, erms, 3dnowpref, lzcnt, ht, tsc, tscinvbit, bmi1, bmi2, adx

Memory: 4k page, physical 8128504k(554896k free), swap 33294328k(5128k free)

vm_info: Java HotSpot(TM) 64-Bit Server VM (25.202-b08) for windows-amd64 JRE (1.8.0_202-b08), built on Dec 15 2018 19:54:30 by "java_re" with MS VC++ 10.0 (VS2010)

time: Tue Dec 06 22:21:13 2022
timezone: Egypt Standard Time
elapsed time: 0 seconds (0d 0h 0m 0s)

